ARM GAS  C:\Users\naoki\AppData\Local\Temp\cc1gZqRd.s 			page 1


   1              		.cpu cortex-m4
   2              		.arch armv7e-m
   3              		.fpu fpv4-sp-d16
   4              		.eabi_attribute 27, 1
   5              		.eabi_attribute 28, 1
   6              		.eabi_attribute 20, 1
   7              		.eabi_attribute 21, 1
   8              		.eabi_attribute 23, 3
   9              		.eabi_attribute 24, 1
  10              		.eabi_attribute 25, 1
  11              		.eabi_attribute 26, 1
  12              		.eabi_attribute 30, 1
  13              		.eabi_attribute 34, 1
  14              		.eabi_attribute 18, 4
  15              		.file	"gpio.c"
  16              		.text
  17              	.Ltext0:
  18              		.cfi_sections	.debug_frame
  19              		.file 1 "Core/Src/gpio.c"
  20              		.section	.text.MX_GPIO_Init,"ax",%progbits
  21              		.align	1
  22              		.global	MX_GPIO_Init
  23              		.syntax unified
  24              		.thumb
  25              		.thumb_func
  27              	MX_GPIO_Init:
  28              	.LFB130:
   1:Core/Src/gpio.c **** /* USER CODE BEGIN Header */
   2:Core/Src/gpio.c **** /**
   3:Core/Src/gpio.c ****   ******************************************************************************
   4:Core/Src/gpio.c ****   * @file    gpio.c
   5:Core/Src/gpio.c ****   * @brief   This file provides code for the configuration
   6:Core/Src/gpio.c ****   *          of all used GPIO pins.
   7:Core/Src/gpio.c ****   ******************************************************************************
   8:Core/Src/gpio.c ****   * @attention
   9:Core/Src/gpio.c ****   *
  10:Core/Src/gpio.c ****   * Copyright (c) 2025 STMicroelectronics.
  11:Core/Src/gpio.c ****   * All rights reserved.
  12:Core/Src/gpio.c ****   *
  13:Core/Src/gpio.c ****   * This software is licensed under terms that can be found in the LICENSE file
  14:Core/Src/gpio.c ****   * in the root directory of this software component.
  15:Core/Src/gpio.c ****   * If no LICENSE file comes with this software, it is provided AS-IS.
  16:Core/Src/gpio.c ****   *
  17:Core/Src/gpio.c ****   ******************************************************************************
  18:Core/Src/gpio.c ****   */
  19:Core/Src/gpio.c **** /* USER CODE END Header */
  20:Core/Src/gpio.c **** 
  21:Core/Src/gpio.c **** /* Includes ------------------------------------------------------------------*/
  22:Core/Src/gpio.c **** #include "gpio.h"
  23:Core/Src/gpio.c **** 
  24:Core/Src/gpio.c **** /* USER CODE BEGIN 0 */
  25:Core/Src/gpio.c **** 
  26:Core/Src/gpio.c **** /* USER CODE END 0 */
  27:Core/Src/gpio.c **** 
  28:Core/Src/gpio.c **** /*----------------------------------------------------------------------------*/
  29:Core/Src/gpio.c **** /* Configure GPIO                                                             */
  30:Core/Src/gpio.c **** /*----------------------------------------------------------------------------*/
ARM GAS  C:\Users\naoki\AppData\Local\Temp\cc1gZqRd.s 			page 2


  31:Core/Src/gpio.c **** /* USER CODE BEGIN 1 */
  32:Core/Src/gpio.c **** 
  33:Core/Src/gpio.c **** /* USER CODE END 1 */
  34:Core/Src/gpio.c **** 
  35:Core/Src/gpio.c **** /** Configure pins as
  36:Core/Src/gpio.c ****         * Analog
  37:Core/Src/gpio.c ****         * Input
  38:Core/Src/gpio.c ****         * Output
  39:Core/Src/gpio.c ****         * EVENT_OUT
  40:Core/Src/gpio.c ****         * EXTI
  41:Core/Src/gpio.c ****      PA3   ------> ADC1_IN4
  42:Core/Src/gpio.c ****      PA15   ------> I2C1_SCL
  43:Core/Src/gpio.c ****      PB7   ------> I2C1_SDA
  44:Core/Src/gpio.c **** */
  45:Core/Src/gpio.c **** void MX_GPIO_Init(void)
  46:Core/Src/gpio.c **** {
  29              		.loc 1 46 1 view -0
  30              		.cfi_startproc
  31              		@ args = 0, pretend = 0, frame = 32
  32              		@ frame_needed = 0, uses_anonymous_args = 0
  33 0000 2DE9F043 		push	{r4, r5, r6, r7, r8, r9, lr}
  34              	.LCFI0:
  35              		.cfi_def_cfa_offset 28
  36              		.cfi_offset 4, -28
  37              		.cfi_offset 5, -24
  38              		.cfi_offset 6, -20
  39              		.cfi_offset 7, -16
  40              		.cfi_offset 8, -12
  41              		.cfi_offset 9, -8
  42              		.cfi_offset 14, -4
  43 0004 89B0     		sub	sp, sp, #36
  44              	.LCFI1:
  45              		.cfi_def_cfa_offset 64
  47:Core/Src/gpio.c **** 
  48:Core/Src/gpio.c ****   GPIO_InitTypeDef GPIO_InitStruct = {0};
  46              		.loc 1 48 3 view .LVU1
  47              		.loc 1 48 20 is_stmt 0 view .LVU2
  48 0006 03AD     		add	r5, sp, #12
  49 0008 0024     		movs	r4, #0
  50 000a 0394     		str	r4, [sp, #12]
  51 000c 0494     		str	r4, [sp, #16]
  52 000e 0594     		str	r4, [sp, #20]
  53 0010 0694     		str	r4, [sp, #24]
  54 0012 0794     		str	r4, [sp, #28]
  49:Core/Src/gpio.c **** 
  50:Core/Src/gpio.c ****   /* GPIO Ports Clock Enable */
  51:Core/Src/gpio.c ****   __HAL_RCC_GPIOF_CLK_ENABLE();
  55              		.loc 1 51 3 is_stmt 1 view .LVU3
  56              	.LBB2:
  57              		.loc 1 51 3 view .LVU4
  58              		.loc 1 51 3 view .LVU5
  59 0014 364B     		ldr	r3, .L3
  60 0016 5A69     		ldr	r2, [r3, #20]
  61 0018 42F48002 		orr	r2, r2, #4194304
  62 001c 5A61     		str	r2, [r3, #20]
  63              		.loc 1 51 3 view .LVU6
  64 001e 5A69     		ldr	r2, [r3, #20]
ARM GAS  C:\Users\naoki\AppData\Local\Temp\cc1gZqRd.s 			page 3


  65 0020 02F48002 		and	r2, r2, #4194304
  66 0024 0092     		str	r2, [sp]
  67              		.loc 1 51 3 view .LVU7
  68 0026 009A     		ldr	r2, [sp]
  69              	.LBE2:
  70              		.loc 1 51 3 view .LVU8
  52:Core/Src/gpio.c ****   __HAL_RCC_GPIOA_CLK_ENABLE();
  71              		.loc 1 52 3 view .LVU9
  72              	.LBB3:
  73              		.loc 1 52 3 view .LVU10
  74              		.loc 1 52 3 view .LVU11
  75 0028 5A69     		ldr	r2, [r3, #20]
  76 002a 42F40032 		orr	r2, r2, #131072
  77 002e 5A61     		str	r2, [r3, #20]
  78              		.loc 1 52 3 view .LVU12
  79 0030 5A69     		ldr	r2, [r3, #20]
  80 0032 02F40032 		and	r2, r2, #131072
  81 0036 0192     		str	r2, [sp, #4]
  82              		.loc 1 52 3 view .LVU13
  83 0038 019A     		ldr	r2, [sp, #4]
  84              	.LBE3:
  85              		.loc 1 52 3 view .LVU14
  53:Core/Src/gpio.c ****   __HAL_RCC_GPIOB_CLK_ENABLE();
  86              		.loc 1 53 3 view .LVU15
  87              	.LBB4:
  88              		.loc 1 53 3 view .LVU16
  89              		.loc 1 53 3 view .LVU17
  90 003a 5A69     		ldr	r2, [r3, #20]
  91 003c 42F48022 		orr	r2, r2, #262144
  92 0040 5A61     		str	r2, [r3, #20]
  93              		.loc 1 53 3 view .LVU18
  94 0042 5B69     		ldr	r3, [r3, #20]
  95 0044 03F48023 		and	r3, r3, #262144
  96 0048 0293     		str	r3, [sp, #8]
  97              		.loc 1 53 3 view .LVU19
  98 004a 029B     		ldr	r3, [sp, #8]
  99              	.LBE4:
 100              		.loc 1 53 3 view .LVU20
  54:Core/Src/gpio.c **** 
  55:Core/Src/gpio.c ****   /*Configure GPIO pin Output Level */
  56:Core/Src/gpio.c ****   HAL_GPIO_WritePin(GPIOA, MUX1_B_Pin|MUX1_C_Pin|MUX2_B_Pin|MUX2_A_Pin, GPIO_PIN_RESET);
 101              		.loc 1 56 3 view .LVU21
 102 004c 2246     		mov	r2, r4
 103 004e 4FF46871 		mov	r1, #928
 104 0052 4FF09040 		mov	r0, #1207959552
 105 0056 FFF7FEFF 		bl	HAL_GPIO_WritePin
 106              	.LVL0:
  57:Core/Src/gpio.c **** 
  58:Core/Src/gpio.c ****   /*Configure GPIO pin Output Level */
  59:Core/Src/gpio.c ****   HAL_GPIO_WritePin(GPIOB, MUX1_A_Pin|MUX2_C_Pin|WC_Pin, GPIO_PIN_RESET);
 107              		.loc 1 59 3 view .LVU22
 108 005a 264E     		ldr	r6, .L3+4
 109 005c 2246     		mov	r2, r4
 110 005e 48F24101 		movw	r1, #32833
 111 0062 3046     		mov	r0, r6
 112 0064 FFF7FEFF 		bl	HAL_GPIO_WritePin
 113              	.LVL1:
ARM GAS  C:\Users\naoki\AppData\Local\Temp\cc1gZqRd.s 			page 4


  60:Core/Src/gpio.c **** 
  61:Core/Src/gpio.c ****   /*Configure GPIO pin : PA3 */
  62:Core/Src/gpio.c ****   GPIO_InitStruct.Pin = GPIO_PIN_3;
 114              		.loc 1 62 3 view .LVU23
 115              		.loc 1 62 23 is_stmt 0 view .LVU24
 116 0068 0823     		movs	r3, #8
 117 006a 0393     		str	r3, [sp, #12]
  63:Core/Src/gpio.c ****   GPIO_InitStruct.Mode = GPIO_MODE_ANALOG;
 118              		.loc 1 63 3 is_stmt 1 view .LVU25
 119              		.loc 1 63 24 is_stmt 0 view .LVU26
 120 006c 0327     		movs	r7, #3
 121 006e 0497     		str	r7, [sp, #16]
  64:Core/Src/gpio.c ****   GPIO_InitStruct.Pull = GPIO_NOPULL;
 122              		.loc 1 64 3 is_stmt 1 view .LVU27
 123              		.loc 1 64 24 is_stmt 0 view .LVU28
 124 0070 0594     		str	r4, [sp, #20]
  65:Core/Src/gpio.c ****   HAL_GPIO_Init(GPIOA, &GPIO_InitStruct);
 125              		.loc 1 65 3 is_stmt 1 view .LVU29
 126 0072 2946     		mov	r1, r5
 127 0074 4FF09040 		mov	r0, #1207959552
 128 0078 FFF7FEFF 		bl	HAL_GPIO_Init
 129              	.LVL2:
  66:Core/Src/gpio.c **** 
  67:Core/Src/gpio.c ****   /*Configure GPIO pins : MUX1_B_Pin MUX1_C_Pin MUX2_B_Pin MUX2_A_Pin */
  68:Core/Src/gpio.c ****   GPIO_InitStruct.Pin = MUX1_B_Pin|MUX1_C_Pin|MUX2_B_Pin|MUX2_A_Pin;
 130              		.loc 1 68 3 view .LVU30
 131              		.loc 1 68 23 is_stmt 0 view .LVU31
 132 007c 4FF46873 		mov	r3, #928
 133 0080 0393     		str	r3, [sp, #12]
  69:Core/Src/gpio.c ****   GPIO_InitStruct.Mode = GPIO_MODE_OUTPUT_PP;
 134              		.loc 1 69 3 is_stmt 1 view .LVU32
 135              		.loc 1 69 24 is_stmt 0 view .LVU33
 136 0082 4FF00108 		mov	r8, #1
 137 0086 CDF81080 		str	r8, [sp, #16]
  70:Core/Src/gpio.c ****   GPIO_InitStruct.Pull = GPIO_NOPULL;
 138              		.loc 1 70 3 is_stmt 1 view .LVU34
 139              		.loc 1 70 24 is_stmt 0 view .LVU35
 140 008a 0594     		str	r4, [sp, #20]
  71:Core/Src/gpio.c ****   GPIO_InitStruct.Speed = GPIO_SPEED_FREQ_LOW;
 141              		.loc 1 71 3 is_stmt 1 view .LVU36
 142              		.loc 1 71 25 is_stmt 0 view .LVU37
 143 008c 0694     		str	r4, [sp, #24]
  72:Core/Src/gpio.c ****   HAL_GPIO_Init(GPIOA, &GPIO_InitStruct);
 144              		.loc 1 72 3 is_stmt 1 view .LVU38
 145 008e 2946     		mov	r1, r5
 146 0090 4FF09040 		mov	r0, #1207959552
 147 0094 FFF7FEFF 		bl	HAL_GPIO_Init
 148              	.LVL3:
  73:Core/Src/gpio.c **** 
  74:Core/Src/gpio.c ****   /*Configure GPIO pins : MUX1_A_Pin MUX2_C_Pin WC_Pin */
  75:Core/Src/gpio.c ****   GPIO_InitStruct.Pin = MUX1_A_Pin|MUX2_C_Pin|WC_Pin;
 149              		.loc 1 75 3 view .LVU39
 150              		.loc 1 75 23 is_stmt 0 view .LVU40
 151 0098 48F24103 		movw	r3, #32833
 152 009c 0393     		str	r3, [sp, #12]
  76:Core/Src/gpio.c ****   GPIO_InitStruct.Mode = GPIO_MODE_OUTPUT_PP;
 153              		.loc 1 76 3 is_stmt 1 view .LVU41
ARM GAS  C:\Users\naoki\AppData\Local\Temp\cc1gZqRd.s 			page 5


 154              		.loc 1 76 24 is_stmt 0 view .LVU42
 155 009e CDF81080 		str	r8, [sp, #16]
  77:Core/Src/gpio.c ****   GPIO_InitStruct.Pull = GPIO_NOPULL;
 156              		.loc 1 77 3 is_stmt 1 view .LVU43
 157              		.loc 1 77 24 is_stmt 0 view .LVU44
 158 00a2 0594     		str	r4, [sp, #20]
  78:Core/Src/gpio.c ****   GPIO_InitStruct.Speed = GPIO_SPEED_FREQ_LOW;
 159              		.loc 1 78 3 is_stmt 1 view .LVU45
 160              		.loc 1 78 25 is_stmt 0 view .LVU46
 161 00a4 0694     		str	r4, [sp, #24]
  79:Core/Src/gpio.c ****   HAL_GPIO_Init(GPIOB, &GPIO_InitStruct);
 162              		.loc 1 79 3 is_stmt 1 view .LVU47
 163 00a6 2946     		mov	r1, r5
 164 00a8 3046     		mov	r0, r6
 165 00aa FFF7FEFF 		bl	HAL_GPIO_Init
 166              	.LVL4:
  80:Core/Src/gpio.c **** 
  81:Core/Src/gpio.c ****   /*Configure GPIO pin : SCL_Pin */
  82:Core/Src/gpio.c ****   GPIO_InitStruct.Pin = SCL_Pin;
 167              		.loc 1 82 3 view .LVU48
 168              		.loc 1 82 23 is_stmt 0 view .LVU49
 169 00ae 4FF40043 		mov	r3, #32768
 170 00b2 0393     		str	r3, [sp, #12]
  83:Core/Src/gpio.c ****   GPIO_InitStruct.Mode = GPIO_MODE_AF_OD;
 171              		.loc 1 83 3 is_stmt 1 view .LVU50
 172              		.loc 1 83 24 is_stmt 0 view .LVU51
 173 00b4 4FF01209 		mov	r9, #18
 174 00b8 CDF81090 		str	r9, [sp, #16]
  84:Core/Src/gpio.c ****   GPIO_InitStruct.Pull = GPIO_NOPULL;
 175              		.loc 1 84 3 is_stmt 1 view .LVU52
 176              		.loc 1 84 24 is_stmt 0 view .LVU53
 177 00bc 0594     		str	r4, [sp, #20]
  85:Core/Src/gpio.c ****   GPIO_InitStruct.Speed = GPIO_SPEED_FREQ_HIGH;
 178              		.loc 1 85 3 is_stmt 1 view .LVU54
 179              		.loc 1 85 25 is_stmt 0 view .LVU55
 180 00be 0697     		str	r7, [sp, #24]
  86:Core/Src/gpio.c ****   GPIO_InitStruct.Alternate = GPIO_AF4_I2C1;
 181              		.loc 1 86 3 is_stmt 1 view .LVU56
 182              		.loc 1 86 29 is_stmt 0 view .LVU57
 183 00c0 4FF00408 		mov	r8, #4
 184 00c4 CDF81C80 		str	r8, [sp, #28]
  87:Core/Src/gpio.c ****   HAL_GPIO_Init(SCL_GPIO_Port, &GPIO_InitStruct);
 185              		.loc 1 87 3 is_stmt 1 view .LVU58
 186 00c8 2946     		mov	r1, r5
 187 00ca 4FF09040 		mov	r0, #1207959552
 188 00ce FFF7FEFF 		bl	HAL_GPIO_Init
 189              	.LVL5:
  88:Core/Src/gpio.c **** 
  89:Core/Src/gpio.c ****   /*Configure GPIO pin : SDA_Pin */
  90:Core/Src/gpio.c ****   GPIO_InitStruct.Pin = SDA_Pin;
 190              		.loc 1 90 3 view .LVU59
 191              		.loc 1 90 23 is_stmt 0 view .LVU60
 192 00d2 8023     		movs	r3, #128
 193 00d4 0393     		str	r3, [sp, #12]
  91:Core/Src/gpio.c ****   GPIO_InitStruct.Mode = GPIO_MODE_AF_OD;
 194              		.loc 1 91 3 is_stmt 1 view .LVU61
 195              		.loc 1 91 24 is_stmt 0 view .LVU62
ARM GAS  C:\Users\naoki\AppData\Local\Temp\cc1gZqRd.s 			page 6


 196 00d6 CDF81090 		str	r9, [sp, #16]
  92:Core/Src/gpio.c ****   GPIO_InitStruct.Pull = GPIO_NOPULL;
 197              		.loc 1 92 3 is_stmt 1 view .LVU63
 198              		.loc 1 92 24 is_stmt 0 view .LVU64
 199 00da 0594     		str	r4, [sp, #20]
  93:Core/Src/gpio.c ****   GPIO_InitStruct.Speed = GPIO_SPEED_FREQ_HIGH;
 200              		.loc 1 93 3 is_stmt 1 view .LVU65
 201              		.loc 1 93 25 is_stmt 0 view .LVU66
 202 00dc 0697     		str	r7, [sp, #24]
  94:Core/Src/gpio.c ****   GPIO_InitStruct.Alternate = GPIO_AF4_I2C1;
 203              		.loc 1 94 3 is_stmt 1 view .LVU67
 204              		.loc 1 94 29 is_stmt 0 view .LVU68
 205 00de CDF81C80 		str	r8, [sp, #28]
  95:Core/Src/gpio.c ****   HAL_GPIO_Init(SDA_GPIO_Port, &GPIO_InitStruct);
 206              		.loc 1 95 3 is_stmt 1 view .LVU69
 207 00e2 2946     		mov	r1, r5
 208 00e4 3046     		mov	r0, r6
 209 00e6 FFF7FEFF 		bl	HAL_GPIO_Init
 210              	.LVL6:
  96:Core/Src/gpio.c **** 
  97:Core/Src/gpio.c **** }
 211              		.loc 1 97 1 is_stmt 0 view .LVU70
 212 00ea 09B0     		add	sp, sp, #36
 213              	.LCFI2:
 214              		.cfi_def_cfa_offset 28
 215              		@ sp needed
 216 00ec BDE8F083 		pop	{r4, r5, r6, r7, r8, r9, pc}
 217              	.L4:
 218              		.align	2
 219              	.L3:
 220 00f0 00100240 		.word	1073876992
 221 00f4 00040048 		.word	1207960576
 222              		.cfi_endproc
 223              	.LFE130:
 225              		.text
 226              	.Letext0:
 227              		.file 2 "C:/built/gnu/arm-none-eabi/include/machine/_default_types.h"
 228              		.file 3 "C:/built/gnu/arm-none-eabi/include/sys/_stdint.h"
 229              		.file 4 "Drivers/CMSIS/Device/ST/STM32F3xx/Include/stm32f303xc.h"
 230              		.file 5 "Drivers/STM32F3xx_HAL_Driver/Inc/stm32f3xx_hal_gpio.h"
ARM GAS  C:\Users\naoki\AppData\Local\Temp\cc1gZqRd.s 			page 7


DEFINED SYMBOLS
                            *ABS*:00000000 gpio.c
C:\Users\naoki\AppData\Local\Temp\cc1gZqRd.s:21     .text.MX_GPIO_Init:00000000 $t
C:\Users\naoki\AppData\Local\Temp\cc1gZqRd.s:27     .text.MX_GPIO_Init:00000000 MX_GPIO_Init
C:\Users\naoki\AppData\Local\Temp\cc1gZqRd.s:220    .text.MX_GPIO_Init:000000f0 $d

UNDEFINED SYMBOLS
HAL_GPIO_WritePin
HAL_GPIO_Init
