ARM GAS  C:\Temp\ccP85vhh.s 			page 1


   1              		.cpu cortex-m4
   2              		.arch armv7e-m
   3              		.fpu fpv4-sp-d16
   4              		.eabi_attribute 27, 1
   5              		.eabi_attribute 28, 1
   6              		.eabi_attribute 20, 1
   7              		.eabi_attribute 21, 1
   8              		.eabi_attribute 23, 3
   9              		.eabi_attribute 24, 1
  10              		.eabi_attribute 25, 1
  11              		.eabi_attribute 26, 1
  12              		.eabi_attribute 30, 1
  13              		.eabi_attribute 34, 1
  14              		.eabi_attribute 18, 4
  15              		.file	"stm32f3xx_hal_pcd_ex.c"
  16              		.text
  17              	.Ltext0:
  18              		.cfi_sections	.debug_frame
  19              		.file 1 "Drivers/STM32F3xx_HAL_Driver/Src/stm32f3xx_hal_pcd_ex.c"
  20              		.section	.text.HAL_PCDEx_PMAConfig,"ax",%progbits
  21              		.align	1
  22              		.global	HAL_PCDEx_PMAConfig
  23              		.syntax unified
  24              		.thumb
  25              		.thumb_func
  27              	HAL_PCDEx_PMAConfig:
  28              	.LVL0:
  29              	.LFB130:
   1:Drivers/STM32F3xx_HAL_Driver/Src/stm32f3xx_hal_pcd_ex.c **** /**
   2:Drivers/STM32F3xx_HAL_Driver/Src/stm32f3xx_hal_pcd_ex.c ****   ******************************************************************************
   3:Drivers/STM32F3xx_HAL_Driver/Src/stm32f3xx_hal_pcd_ex.c ****   * @file    stm32f3xx_hal_pcd_ex.c
   4:Drivers/STM32F3xx_HAL_Driver/Src/stm32f3xx_hal_pcd_ex.c ****   * @author  MCD Application Team
   5:Drivers/STM32F3xx_HAL_Driver/Src/stm32f3xx_hal_pcd_ex.c ****   * @brief   PCD Extended HAL module driver.
   6:Drivers/STM32F3xx_HAL_Driver/Src/stm32f3xx_hal_pcd_ex.c ****   *          This file provides firmware functions to manage the following
   7:Drivers/STM32F3xx_HAL_Driver/Src/stm32f3xx_hal_pcd_ex.c ****   *          functionalities of the USB Peripheral Controller:
   8:Drivers/STM32F3xx_HAL_Driver/Src/stm32f3xx_hal_pcd_ex.c ****   *           + Extended features functions
   9:Drivers/STM32F3xx_HAL_Driver/Src/stm32f3xx_hal_pcd_ex.c ****   *
  10:Drivers/STM32F3xx_HAL_Driver/Src/stm32f3xx_hal_pcd_ex.c ****   ******************************************************************************
  11:Drivers/STM32F3xx_HAL_Driver/Src/stm32f3xx_hal_pcd_ex.c ****   * @attention
  12:Drivers/STM32F3xx_HAL_Driver/Src/stm32f3xx_hal_pcd_ex.c ****   *
  13:Drivers/STM32F3xx_HAL_Driver/Src/stm32f3xx_hal_pcd_ex.c ****   * Copyright (c) 2016 STMicroelectronics.
  14:Drivers/STM32F3xx_HAL_Driver/Src/stm32f3xx_hal_pcd_ex.c ****   * All rights reserved.
  15:Drivers/STM32F3xx_HAL_Driver/Src/stm32f3xx_hal_pcd_ex.c ****   *
  16:Drivers/STM32F3xx_HAL_Driver/Src/stm32f3xx_hal_pcd_ex.c ****   * This software is licensed under terms that can be found in the LICENSE file
  17:Drivers/STM32F3xx_HAL_Driver/Src/stm32f3xx_hal_pcd_ex.c ****   * in the root directory of this software component.
  18:Drivers/STM32F3xx_HAL_Driver/Src/stm32f3xx_hal_pcd_ex.c ****   * If no LICENSE file comes with this software, it is provided AS-IS.
  19:Drivers/STM32F3xx_HAL_Driver/Src/stm32f3xx_hal_pcd_ex.c ****   *
  20:Drivers/STM32F3xx_HAL_Driver/Src/stm32f3xx_hal_pcd_ex.c ****   ******************************************************************************
  21:Drivers/STM32F3xx_HAL_Driver/Src/stm32f3xx_hal_pcd_ex.c ****   */
  22:Drivers/STM32F3xx_HAL_Driver/Src/stm32f3xx_hal_pcd_ex.c **** 
  23:Drivers/STM32F3xx_HAL_Driver/Src/stm32f3xx_hal_pcd_ex.c **** /* Includes ------------------------------------------------------------------*/
  24:Drivers/STM32F3xx_HAL_Driver/Src/stm32f3xx_hal_pcd_ex.c **** #include "stm32f3xx_hal.h"
  25:Drivers/STM32F3xx_HAL_Driver/Src/stm32f3xx_hal_pcd_ex.c **** 
  26:Drivers/STM32F3xx_HAL_Driver/Src/stm32f3xx_hal_pcd_ex.c **** /** @addtogroup STM32F3xx_HAL_Driver
  27:Drivers/STM32F3xx_HAL_Driver/Src/stm32f3xx_hal_pcd_ex.c ****   * @{
  28:Drivers/STM32F3xx_HAL_Driver/Src/stm32f3xx_hal_pcd_ex.c ****   */
  29:Drivers/STM32F3xx_HAL_Driver/Src/stm32f3xx_hal_pcd_ex.c **** 
ARM GAS  C:\Temp\ccP85vhh.s 			page 2


  30:Drivers/STM32F3xx_HAL_Driver/Src/stm32f3xx_hal_pcd_ex.c **** /** @defgroup PCDEx PCDEx
  31:Drivers/STM32F3xx_HAL_Driver/Src/stm32f3xx_hal_pcd_ex.c ****   * @brief PCD Extended HAL module driver
  32:Drivers/STM32F3xx_HAL_Driver/Src/stm32f3xx_hal_pcd_ex.c ****   * @{
  33:Drivers/STM32F3xx_HAL_Driver/Src/stm32f3xx_hal_pcd_ex.c ****   */
  34:Drivers/STM32F3xx_HAL_Driver/Src/stm32f3xx_hal_pcd_ex.c **** 
  35:Drivers/STM32F3xx_HAL_Driver/Src/stm32f3xx_hal_pcd_ex.c **** #ifdef HAL_PCD_MODULE_ENABLED
  36:Drivers/STM32F3xx_HAL_Driver/Src/stm32f3xx_hal_pcd_ex.c **** 
  37:Drivers/STM32F3xx_HAL_Driver/Src/stm32f3xx_hal_pcd_ex.c **** #if defined (USB)
  38:Drivers/STM32F3xx_HAL_Driver/Src/stm32f3xx_hal_pcd_ex.c **** /* Private types -------------------------------------------------------------*/
  39:Drivers/STM32F3xx_HAL_Driver/Src/stm32f3xx_hal_pcd_ex.c **** /* Private variables ---------------------------------------------------------*/
  40:Drivers/STM32F3xx_HAL_Driver/Src/stm32f3xx_hal_pcd_ex.c **** /* Private constants ---------------------------------------------------------*/
  41:Drivers/STM32F3xx_HAL_Driver/Src/stm32f3xx_hal_pcd_ex.c **** /* Private macros ------------------------------------------------------------*/
  42:Drivers/STM32F3xx_HAL_Driver/Src/stm32f3xx_hal_pcd_ex.c **** /* Private functions ---------------------------------------------------------*/
  43:Drivers/STM32F3xx_HAL_Driver/Src/stm32f3xx_hal_pcd_ex.c **** /* Exported functions --------------------------------------------------------*/
  44:Drivers/STM32F3xx_HAL_Driver/Src/stm32f3xx_hal_pcd_ex.c **** 
  45:Drivers/STM32F3xx_HAL_Driver/Src/stm32f3xx_hal_pcd_ex.c **** /** @defgroup PCDEx_Exported_Functions PCDEx Exported Functions
  46:Drivers/STM32F3xx_HAL_Driver/Src/stm32f3xx_hal_pcd_ex.c ****   * @{
  47:Drivers/STM32F3xx_HAL_Driver/Src/stm32f3xx_hal_pcd_ex.c ****   */
  48:Drivers/STM32F3xx_HAL_Driver/Src/stm32f3xx_hal_pcd_ex.c **** 
  49:Drivers/STM32F3xx_HAL_Driver/Src/stm32f3xx_hal_pcd_ex.c **** /** @defgroup PCDEx_Exported_Functions_Group1 Peripheral Control functions
  50:Drivers/STM32F3xx_HAL_Driver/Src/stm32f3xx_hal_pcd_ex.c ****   * @brief    PCDEx control functions
  51:Drivers/STM32F3xx_HAL_Driver/Src/stm32f3xx_hal_pcd_ex.c ****   *
  52:Drivers/STM32F3xx_HAL_Driver/Src/stm32f3xx_hal_pcd_ex.c **** @verbatim
  53:Drivers/STM32F3xx_HAL_Driver/Src/stm32f3xx_hal_pcd_ex.c ****  ===============================================================================
  54:Drivers/STM32F3xx_HAL_Driver/Src/stm32f3xx_hal_pcd_ex.c ****                  ##### Extended features functions #####
  55:Drivers/STM32F3xx_HAL_Driver/Src/stm32f3xx_hal_pcd_ex.c ****  ===============================================================================
  56:Drivers/STM32F3xx_HAL_Driver/Src/stm32f3xx_hal_pcd_ex.c ****     [..]  This section provides functions allowing to:
  57:Drivers/STM32F3xx_HAL_Driver/Src/stm32f3xx_hal_pcd_ex.c ****       (+) Update FIFO configuration
  58:Drivers/STM32F3xx_HAL_Driver/Src/stm32f3xx_hal_pcd_ex.c **** 
  59:Drivers/STM32F3xx_HAL_Driver/Src/stm32f3xx_hal_pcd_ex.c **** @endverbatim
  60:Drivers/STM32F3xx_HAL_Driver/Src/stm32f3xx_hal_pcd_ex.c ****   * @{
  61:Drivers/STM32F3xx_HAL_Driver/Src/stm32f3xx_hal_pcd_ex.c ****   */
  62:Drivers/STM32F3xx_HAL_Driver/Src/stm32f3xx_hal_pcd_ex.c **** 
  63:Drivers/STM32F3xx_HAL_Driver/Src/stm32f3xx_hal_pcd_ex.c **** /**
  64:Drivers/STM32F3xx_HAL_Driver/Src/stm32f3xx_hal_pcd_ex.c ****   * @brief  Configure PMA for EP
  65:Drivers/STM32F3xx_HAL_Driver/Src/stm32f3xx_hal_pcd_ex.c ****   * @param  hpcd  Device instance
  66:Drivers/STM32F3xx_HAL_Driver/Src/stm32f3xx_hal_pcd_ex.c ****   * @param  ep_addr endpoint address
  67:Drivers/STM32F3xx_HAL_Driver/Src/stm32f3xx_hal_pcd_ex.c ****   * @param  ep_kind endpoint Kind
  68:Drivers/STM32F3xx_HAL_Driver/Src/stm32f3xx_hal_pcd_ex.c ****   *                  USB_SNG_BUF: Single Buffer used
  69:Drivers/STM32F3xx_HAL_Driver/Src/stm32f3xx_hal_pcd_ex.c ****   *                  USB_DBL_BUF: Double Buffer used
  70:Drivers/STM32F3xx_HAL_Driver/Src/stm32f3xx_hal_pcd_ex.c ****   * @param  pmaadress: EP address in The PMA: In case of single buffer endpoint
  71:Drivers/STM32F3xx_HAL_Driver/Src/stm32f3xx_hal_pcd_ex.c ****   *                   this parameter is 16-bit value providing the address
  72:Drivers/STM32F3xx_HAL_Driver/Src/stm32f3xx_hal_pcd_ex.c ****   *                   in PMA allocated to endpoint.
  73:Drivers/STM32F3xx_HAL_Driver/Src/stm32f3xx_hal_pcd_ex.c ****   *                   In case of double buffer endpoint this parameter
  74:Drivers/STM32F3xx_HAL_Driver/Src/stm32f3xx_hal_pcd_ex.c ****   *                   is a 32-bit value providing the endpoint buffer 0 address
  75:Drivers/STM32F3xx_HAL_Driver/Src/stm32f3xx_hal_pcd_ex.c ****   *                   in the LSB part of 32-bit value and endpoint buffer 1 address
  76:Drivers/STM32F3xx_HAL_Driver/Src/stm32f3xx_hal_pcd_ex.c ****   *                   in the MSB part of 32-bit value.
  77:Drivers/STM32F3xx_HAL_Driver/Src/stm32f3xx_hal_pcd_ex.c ****   * @retval HAL status
  78:Drivers/STM32F3xx_HAL_Driver/Src/stm32f3xx_hal_pcd_ex.c ****   */
  79:Drivers/STM32F3xx_HAL_Driver/Src/stm32f3xx_hal_pcd_ex.c **** 
  80:Drivers/STM32F3xx_HAL_Driver/Src/stm32f3xx_hal_pcd_ex.c **** HAL_StatusTypeDef  HAL_PCDEx_PMAConfig(PCD_HandleTypeDef *hpcd, uint16_t ep_addr,
  81:Drivers/STM32F3xx_HAL_Driver/Src/stm32f3xx_hal_pcd_ex.c ****                                        uint16_t ep_kind, uint32_t pmaadress)
  82:Drivers/STM32F3xx_HAL_Driver/Src/stm32f3xx_hal_pcd_ex.c **** {
  30              		.loc 1 82 1 view -0
  31              		.cfi_startproc
  32              		@ args = 0, pretend = 0, frame = 0
  33              		@ frame_needed = 0, uses_anonymous_args = 0
ARM GAS  C:\Temp\ccP85vhh.s 			page 3


  34              		@ link register save eliminated.
  83:Drivers/STM32F3xx_HAL_Driver/Src/stm32f3xx_hal_pcd_ex.c ****   PCD_EPTypeDef *ep;
  35              		.loc 1 83 3 view .LVU1
  84:Drivers/STM32F3xx_HAL_Driver/Src/stm32f3xx_hal_pcd_ex.c **** 
  85:Drivers/STM32F3xx_HAL_Driver/Src/stm32f3xx_hal_pcd_ex.c ****   /* initialize ep structure*/
  86:Drivers/STM32F3xx_HAL_Driver/Src/stm32f3xx_hal_pcd_ex.c ****   if ((0x80U & ep_addr) == 0x80U)
  36              		.loc 1 86 3 view .LVU2
  37              		.loc 1 86 6 is_stmt 0 view .LVU3
  38 0000 11F0800F 		tst	r1, #128
  39 0004 0BD0     		beq	.L2
  87:Drivers/STM32F3xx_HAL_Driver/Src/stm32f3xx_hal_pcd_ex.c ****   {
  88:Drivers/STM32F3xx_HAL_Driver/Src/stm32f3xx_hal_pcd_ex.c ****     ep = &hpcd->IN_ep[ep_addr & EP_ADDR_MSK];
  40              		.loc 1 88 5 is_stmt 1 view .LVU4
  41              		.loc 1 88 31 is_stmt 0 view .LVU5
  42 0006 01F00701 		and	r1, r1, #7
  43              	.LVL1:
  44              		.loc 1 88 8 view .LVU6
  45 000a 01EB8101 		add	r1, r1, r1, lsl #2
  46 000e C900     		lsls	r1, r1, #3
  47 0010 1031     		adds	r1, r1, #16
  48 0012 0844     		add	r0, r0, r1
  49              	.LVL2:
  50              	.L3:
  89:Drivers/STM32F3xx_HAL_Driver/Src/stm32f3xx_hal_pcd_ex.c ****   }
  90:Drivers/STM32F3xx_HAL_Driver/Src/stm32f3xx_hal_pcd_ex.c ****   else
  91:Drivers/STM32F3xx_HAL_Driver/Src/stm32f3xx_hal_pcd_ex.c ****   {
  92:Drivers/STM32F3xx_HAL_Driver/Src/stm32f3xx_hal_pcd_ex.c ****     ep = &hpcd->OUT_ep[ep_addr];
  93:Drivers/STM32F3xx_HAL_Driver/Src/stm32f3xx_hal_pcd_ex.c ****   }
  94:Drivers/STM32F3xx_HAL_Driver/Src/stm32f3xx_hal_pcd_ex.c **** 
  95:Drivers/STM32F3xx_HAL_Driver/Src/stm32f3xx_hal_pcd_ex.c ****   /* Here we check if the endpoint is single or double Buffer*/
  96:Drivers/STM32F3xx_HAL_Driver/Src/stm32f3xx_hal_pcd_ex.c ****   if (ep_kind == PCD_SNG_BUF)
  51              		.loc 1 96 3 is_stmt 1 view .LVU7
  52              		.loc 1 96 6 is_stmt 0 view .LVU8
  53 0014 52B9     		cbnz	r2, .L4
  97:Drivers/STM32F3xx_HAL_Driver/Src/stm32f3xx_hal_pcd_ex.c ****   {
  98:Drivers/STM32F3xx_HAL_Driver/Src/stm32f3xx_hal_pcd_ex.c ****     /* Single Buffer */
  99:Drivers/STM32F3xx_HAL_Driver/Src/stm32f3xx_hal_pcd_ex.c ****     ep->doublebuffer = 0U;
  54              		.loc 1 99 5 is_stmt 1 view .LVU9
  55              		.loc 1 99 22 is_stmt 0 view .LVU10
  56 0016 0273     		strb	r2, [r0, #12]
 100:Drivers/STM32F3xx_HAL_Driver/Src/stm32f3xx_hal_pcd_ex.c ****     /* Configure the PMA */
 101:Drivers/STM32F3xx_HAL_Driver/Src/stm32f3xx_hal_pcd_ex.c ****     ep->pmaadress = (uint16_t)pmaadress;
  57              		.loc 1 101 5 is_stmt 1 view .LVU11
  58              		.loc 1 101 19 is_stmt 0 view .LVU12
  59 0018 C380     		strh	r3, [r0, #6]	@ movhi
  60              	.LVL3:
  61              	.L5:
 102:Drivers/STM32F3xx_HAL_Driver/Src/stm32f3xx_hal_pcd_ex.c ****   }
 103:Drivers/STM32F3xx_HAL_Driver/Src/stm32f3xx_hal_pcd_ex.c **** #if (USE_USB_DOUBLE_BUFFER == 1U)
 104:Drivers/STM32F3xx_HAL_Driver/Src/stm32f3xx_hal_pcd_ex.c ****   else /* USB_DBL_BUF */
 105:Drivers/STM32F3xx_HAL_Driver/Src/stm32f3xx_hal_pcd_ex.c ****   {
 106:Drivers/STM32F3xx_HAL_Driver/Src/stm32f3xx_hal_pcd_ex.c ****     /* Double Buffer Endpoint */
 107:Drivers/STM32F3xx_HAL_Driver/Src/stm32f3xx_hal_pcd_ex.c ****     ep->doublebuffer = 1U;
 108:Drivers/STM32F3xx_HAL_Driver/Src/stm32f3xx_hal_pcd_ex.c ****     /* Configure the PMA */
 109:Drivers/STM32F3xx_HAL_Driver/Src/stm32f3xx_hal_pcd_ex.c ****     ep->pmaaddr0 = (uint16_t)(pmaadress & 0xFFFFU);
 110:Drivers/STM32F3xx_HAL_Driver/Src/stm32f3xx_hal_pcd_ex.c ****     ep->pmaaddr1 = (uint16_t)((pmaadress & 0xFFFF0000U) >> 16);
 111:Drivers/STM32F3xx_HAL_Driver/Src/stm32f3xx_hal_pcd_ex.c ****   }
ARM GAS  C:\Temp\ccP85vhh.s 			page 4


 112:Drivers/STM32F3xx_HAL_Driver/Src/stm32f3xx_hal_pcd_ex.c **** #endif /* (USE_USB_DOUBLE_BUFFER == 1U) */
 113:Drivers/STM32F3xx_HAL_Driver/Src/stm32f3xx_hal_pcd_ex.c **** 
 114:Drivers/STM32F3xx_HAL_Driver/Src/stm32f3xx_hal_pcd_ex.c ****   return HAL_OK;
  62              		.loc 1 114 3 is_stmt 1 view .LVU13
 115:Drivers/STM32F3xx_HAL_Driver/Src/stm32f3xx_hal_pcd_ex.c **** }
  63              		.loc 1 115 1 is_stmt 0 view .LVU14
  64 001a 0020     		movs	r0, #0
  65              	.LVL4:
  66              		.loc 1 115 1 view .LVU15
  67 001c 7047     		bx	lr
  68              	.LVL5:
  69              	.L2:
  92:Drivers/STM32F3xx_HAL_Driver/Src/stm32f3xx_hal_pcd_ex.c ****   }
  70              		.loc 1 92 5 is_stmt 1 view .LVU16
  92:Drivers/STM32F3xx_HAL_Driver/Src/stm32f3xx_hal_pcd_ex.c ****   }
  71              		.loc 1 92 8 is_stmt 0 view .LVU17
  72 001e 01EB8101 		add	r1, r1, r1, lsl #2
  73              	.LVL6:
  92:Drivers/STM32F3xx_HAL_Driver/Src/stm32f3xx_hal_pcd_ex.c ****   }
  74              		.loc 1 92 8 view .LVU18
  75 0022 C900     		lsls	r1, r1, #3
  76 0024 01F5A871 		add	r1, r1, #336
  77 0028 0844     		add	r0, r0, r1
  78              	.LVL7:
  92:Drivers/STM32F3xx_HAL_Driver/Src/stm32f3xx_hal_pcd_ex.c ****   }
  79              		.loc 1 92 8 view .LVU19
  80 002a F3E7     		b	.L3
  81              	.LVL8:
  82              	.L4:
 107:Drivers/STM32F3xx_HAL_Driver/Src/stm32f3xx_hal_pcd_ex.c ****     /* Configure the PMA */
  83              		.loc 1 107 5 is_stmt 1 view .LVU20
 107:Drivers/STM32F3xx_HAL_Driver/Src/stm32f3xx_hal_pcd_ex.c ****     /* Configure the PMA */
  84              		.loc 1 107 22 is_stmt 0 view .LVU21
  85 002c 0122     		movs	r2, #1
  86              	.LVL9:
 107:Drivers/STM32F3xx_HAL_Driver/Src/stm32f3xx_hal_pcd_ex.c ****     /* Configure the PMA */
  87              		.loc 1 107 22 view .LVU22
  88 002e 0273     		strb	r2, [r0, #12]
 109:Drivers/STM32F3xx_HAL_Driver/Src/stm32f3xx_hal_pcd_ex.c ****     ep->pmaaddr1 = (uint16_t)((pmaadress & 0xFFFF0000U) >> 16);
  89              		.loc 1 109 5 is_stmt 1 view .LVU23
 109:Drivers/STM32F3xx_HAL_Driver/Src/stm32f3xx_hal_pcd_ex.c ****     ep->pmaaddr1 = (uint16_t)((pmaadress & 0xFFFF0000U) >> 16);
  90              		.loc 1 109 18 is_stmt 0 view .LVU24
  91 0030 0381     		strh	r3, [r0, #8]	@ movhi
 110:Drivers/STM32F3xx_HAL_Driver/Src/stm32f3xx_hal_pcd_ex.c ****   }
  92              		.loc 1 110 5 is_stmt 1 view .LVU25
 110:Drivers/STM32F3xx_HAL_Driver/Src/stm32f3xx_hal_pcd_ex.c ****   }
  93              		.loc 1 110 20 is_stmt 0 view .LVU26
  94 0032 1B0C     		lsrs	r3, r3, #16
  95              	.LVL10:
 110:Drivers/STM32F3xx_HAL_Driver/Src/stm32f3xx_hal_pcd_ex.c ****   }
  96              		.loc 1 110 18 view .LVU27
  97 0034 4381     		strh	r3, [r0, #10]	@ movhi
  98 0036 F0E7     		b	.L5
  99              		.cfi_endproc
 100              	.LFE130:
 102              		.section	.text.HAL_PCDEx_SetConnectionState,"ax",%progbits
 103              		.align	1
ARM GAS  C:\Temp\ccP85vhh.s 			page 5


 104              		.weak	HAL_PCDEx_SetConnectionState
 105              		.syntax unified
 106              		.thumb
 107              		.thumb_func
 109              	HAL_PCDEx_SetConnectionState:
 110              	.LVL11:
 111              	.LFB131:
 116:Drivers/STM32F3xx_HAL_Driver/Src/stm32f3xx_hal_pcd_ex.c **** 
 117:Drivers/STM32F3xx_HAL_Driver/Src/stm32f3xx_hal_pcd_ex.c **** /**
 118:Drivers/STM32F3xx_HAL_Driver/Src/stm32f3xx_hal_pcd_ex.c ****   * @brief  Software Device Connection,
 119:Drivers/STM32F3xx_HAL_Driver/Src/stm32f3xx_hal_pcd_ex.c ****   *         this function is not required by USB OTG FS peripheral, it is used
 120:Drivers/STM32F3xx_HAL_Driver/Src/stm32f3xx_hal_pcd_ex.c ****   *         only by USB Device FS peripheral.
 121:Drivers/STM32F3xx_HAL_Driver/Src/stm32f3xx_hal_pcd_ex.c ****   * @param  hpcd PCD handle
 122:Drivers/STM32F3xx_HAL_Driver/Src/stm32f3xx_hal_pcd_ex.c ****   * @param  state connection state (0 : disconnected / 1: connected)
 123:Drivers/STM32F3xx_HAL_Driver/Src/stm32f3xx_hal_pcd_ex.c ****   * @retval None
 124:Drivers/STM32F3xx_HAL_Driver/Src/stm32f3xx_hal_pcd_ex.c ****   */
 125:Drivers/STM32F3xx_HAL_Driver/Src/stm32f3xx_hal_pcd_ex.c **** __weak void HAL_PCDEx_SetConnectionState(PCD_HandleTypeDef *hpcd, uint8_t state)
 126:Drivers/STM32F3xx_HAL_Driver/Src/stm32f3xx_hal_pcd_ex.c **** {
 112              		.loc 1 126 1 is_stmt 1 view -0
 113              		.cfi_startproc
 114              		@ args = 0, pretend = 0, frame = 0
 115              		@ frame_needed = 0, uses_anonymous_args = 0
 116              		@ link register save eliminated.
 127:Drivers/STM32F3xx_HAL_Driver/Src/stm32f3xx_hal_pcd_ex.c ****   /* Prevent unused argument(s) compilation warning */
 128:Drivers/STM32F3xx_HAL_Driver/Src/stm32f3xx_hal_pcd_ex.c ****   UNUSED(hpcd);
 117              		.loc 1 128 3 view .LVU29
 129:Drivers/STM32F3xx_HAL_Driver/Src/stm32f3xx_hal_pcd_ex.c ****   UNUSED(state);
 118              		.loc 1 129 3 view .LVU30
 130:Drivers/STM32F3xx_HAL_Driver/Src/stm32f3xx_hal_pcd_ex.c ****   /* NOTE : This function Should not be modified, when the callback is needed,
 131:Drivers/STM32F3xx_HAL_Driver/Src/stm32f3xx_hal_pcd_ex.c ****             the HAL_PCDEx_SetConnectionState could be implemented in the user file
 132:Drivers/STM32F3xx_HAL_Driver/Src/stm32f3xx_hal_pcd_ex.c ****    */
 133:Drivers/STM32F3xx_HAL_Driver/Src/stm32f3xx_hal_pcd_ex.c **** }
 119              		.loc 1 133 1 is_stmt 0 view .LVU31
 120 0000 7047     		bx	lr
 121              		.cfi_endproc
 122              	.LFE131:
 124              		.section	.text.HAL_PCDEx_LPM_Callback,"ax",%progbits
 125              		.align	1
 126              		.weak	HAL_PCDEx_LPM_Callback
 127              		.syntax unified
 128              		.thumb
 129              		.thumb_func
 131              	HAL_PCDEx_LPM_Callback:
 132              	.LVL12:
 133              	.LFB132:
 134:Drivers/STM32F3xx_HAL_Driver/Src/stm32f3xx_hal_pcd_ex.c **** 
 135:Drivers/STM32F3xx_HAL_Driver/Src/stm32f3xx_hal_pcd_ex.c **** 
 136:Drivers/STM32F3xx_HAL_Driver/Src/stm32f3xx_hal_pcd_ex.c **** /**
 137:Drivers/STM32F3xx_HAL_Driver/Src/stm32f3xx_hal_pcd_ex.c ****   * @brief  Send LPM message to user layer callback.
 138:Drivers/STM32F3xx_HAL_Driver/Src/stm32f3xx_hal_pcd_ex.c ****   * @param  hpcd PCD handle
 139:Drivers/STM32F3xx_HAL_Driver/Src/stm32f3xx_hal_pcd_ex.c ****   * @param  msg LPM message
 140:Drivers/STM32F3xx_HAL_Driver/Src/stm32f3xx_hal_pcd_ex.c ****   * @retval HAL status
 141:Drivers/STM32F3xx_HAL_Driver/Src/stm32f3xx_hal_pcd_ex.c ****   */
 142:Drivers/STM32F3xx_HAL_Driver/Src/stm32f3xx_hal_pcd_ex.c **** __weak void HAL_PCDEx_LPM_Callback(PCD_HandleTypeDef *hpcd, PCD_LPM_MsgTypeDef msg)
 143:Drivers/STM32F3xx_HAL_Driver/Src/stm32f3xx_hal_pcd_ex.c **** {
 134              		.loc 1 143 1 is_stmt 1 view -0
 135              		.cfi_startproc
ARM GAS  C:\Temp\ccP85vhh.s 			page 6


 136              		@ args = 0, pretend = 0, frame = 0
 137              		@ frame_needed = 0, uses_anonymous_args = 0
 138              		@ link register save eliminated.
 144:Drivers/STM32F3xx_HAL_Driver/Src/stm32f3xx_hal_pcd_ex.c ****   /* Prevent unused argument(s) compilation warning */
 145:Drivers/STM32F3xx_HAL_Driver/Src/stm32f3xx_hal_pcd_ex.c ****   UNUSED(hpcd);
 139              		.loc 1 145 3 view .LVU33
 146:Drivers/STM32F3xx_HAL_Driver/Src/stm32f3xx_hal_pcd_ex.c ****   UNUSED(msg);
 140              		.loc 1 146 3 view .LVU34
 147:Drivers/STM32F3xx_HAL_Driver/Src/stm32f3xx_hal_pcd_ex.c **** 
 148:Drivers/STM32F3xx_HAL_Driver/Src/stm32f3xx_hal_pcd_ex.c ****   /* NOTE : This function should not be modified, when the callback is needed,
 149:Drivers/STM32F3xx_HAL_Driver/Src/stm32f3xx_hal_pcd_ex.c ****             the HAL_PCDEx_LPM_Callback could be implemented in the user file
 150:Drivers/STM32F3xx_HAL_Driver/Src/stm32f3xx_hal_pcd_ex.c ****    */
 151:Drivers/STM32F3xx_HAL_Driver/Src/stm32f3xx_hal_pcd_ex.c **** }
 141              		.loc 1 151 1 is_stmt 0 view .LVU35
 142 0000 7047     		bx	lr
 143              		.cfi_endproc
 144              	.LFE132:
 146              		.section	.text.HAL_PCDEx_BCD_Callback,"ax",%progbits
 147              		.align	1
 148              		.weak	HAL_PCDEx_BCD_Callback
 149              		.syntax unified
 150              		.thumb
 151              		.thumb_func
 153              	HAL_PCDEx_BCD_Callback:
 154              	.LVL13:
 155              	.LFB133:
 152:Drivers/STM32F3xx_HAL_Driver/Src/stm32f3xx_hal_pcd_ex.c **** 
 153:Drivers/STM32F3xx_HAL_Driver/Src/stm32f3xx_hal_pcd_ex.c **** /**
 154:Drivers/STM32F3xx_HAL_Driver/Src/stm32f3xx_hal_pcd_ex.c ****   * @brief  Send BatteryCharging message to user layer callback.
 155:Drivers/STM32F3xx_HAL_Driver/Src/stm32f3xx_hal_pcd_ex.c ****   * @param  hpcd PCD handle
 156:Drivers/STM32F3xx_HAL_Driver/Src/stm32f3xx_hal_pcd_ex.c ****   * @param  msg LPM message
 157:Drivers/STM32F3xx_HAL_Driver/Src/stm32f3xx_hal_pcd_ex.c ****   * @retval HAL status
 158:Drivers/STM32F3xx_HAL_Driver/Src/stm32f3xx_hal_pcd_ex.c ****   */
 159:Drivers/STM32F3xx_HAL_Driver/Src/stm32f3xx_hal_pcd_ex.c **** __weak void HAL_PCDEx_BCD_Callback(PCD_HandleTypeDef *hpcd, PCD_BCD_MsgTypeDef msg)
 160:Drivers/STM32F3xx_HAL_Driver/Src/stm32f3xx_hal_pcd_ex.c **** {
 156              		.loc 1 160 1 is_stmt 1 view -0
 157              		.cfi_startproc
 158              		@ args = 0, pretend = 0, frame = 0
 159              		@ frame_needed = 0, uses_anonymous_args = 0
 160              		@ link register save eliminated.
 161:Drivers/STM32F3xx_HAL_Driver/Src/stm32f3xx_hal_pcd_ex.c ****   /* Prevent unused argument(s) compilation warning */
 162:Drivers/STM32F3xx_HAL_Driver/Src/stm32f3xx_hal_pcd_ex.c ****   UNUSED(hpcd);
 161              		.loc 1 162 3 view .LVU37
 163:Drivers/STM32F3xx_HAL_Driver/Src/stm32f3xx_hal_pcd_ex.c ****   UNUSED(msg);
 162              		.loc 1 163 3 view .LVU38
 164:Drivers/STM32F3xx_HAL_Driver/Src/stm32f3xx_hal_pcd_ex.c **** 
 165:Drivers/STM32F3xx_HAL_Driver/Src/stm32f3xx_hal_pcd_ex.c ****   /* NOTE : This function should not be modified, when the callback is needed,
 166:Drivers/STM32F3xx_HAL_Driver/Src/stm32f3xx_hal_pcd_ex.c ****             the HAL_PCDEx_BCD_Callback could be implemented in the user file
 167:Drivers/STM32F3xx_HAL_Driver/Src/stm32f3xx_hal_pcd_ex.c ****    */
 168:Drivers/STM32F3xx_HAL_Driver/Src/stm32f3xx_hal_pcd_ex.c **** }
 163              		.loc 1 168 1 is_stmt 0 view .LVU39
 164 0000 7047     		bx	lr
 165              		.cfi_endproc
 166              	.LFE133:
 168              		.text
 169              	.Letext0:
 170              		.file 2 "C:/TOOL/arm-none-eabi/include/machine/_default_types.h"
ARM GAS  C:\Temp\ccP85vhh.s 			page 7


 171              		.file 3 "C:/TOOL/arm-none-eabi/include/sys/_stdint.h"
 172              		.file 4 "Drivers/CMSIS/Device/ST/STM32F3xx/Include/stm32f303xc.h"
 173              		.file 5 "Drivers/STM32F3xx_HAL_Driver/Inc/stm32f3xx_hal_def.h"
 174              		.file 6 "Drivers/STM32F3xx_HAL_Driver/Inc/stm32f3xx_ll_usb.h"
 175              		.file 7 "Drivers/STM32F3xx_HAL_Driver/Inc/stm32f3xx_hal_pcd.h"
ARM GAS  C:\Temp\ccP85vhh.s 			page 8


DEFINED SYMBOLS
                            *ABS*:00000000 stm32f3xx_hal_pcd_ex.c
  C:\Temp\ccP85vhh.s:21     .text.HAL_PCDEx_PMAConfig:00000000 $t
  C:\Temp\ccP85vhh.s:27     .text.HAL_PCDEx_PMAConfig:00000000 HAL_PCDEx_PMAConfig
  C:\Temp\ccP85vhh.s:103    .text.HAL_PCDEx_SetConnectionState:00000000 $t
  C:\Temp\ccP85vhh.s:109    .text.HAL_PCDEx_SetConnectionState:00000000 HAL_PCDEx_SetConnectionState
  C:\Temp\ccP85vhh.s:125    .text.HAL_PCDEx_LPM_Callback:00000000 $t
  C:\Temp\ccP85vhh.s:131    .text.HAL_PCDEx_LPM_Callback:00000000 HAL_PCDEx_LPM_Callback
  C:\Temp\ccP85vhh.s:147    .text.HAL_PCDEx_BCD_Callback:00000000 $t
  C:\Temp\ccP85vhh.s:153    .text.HAL_PCDEx_BCD_Callback:00000000 HAL_PCDEx_BCD_Callback

NO UNDEFINED SYMBOLS
